<?xml version="1.0" encoding="UTF-8"?>
<testsuite xmlns:xsi="http://www.w3.org/2001/XMLSchema-instance" xsi:noNamespaceSchemaLocation="https://maven.apache.org/surefire/maven-surefire-plugin/xsd/surefire-test-report-3.0.xsd" version="3.0" name="TestSuite" time="86.932" tests="4" errors="0" skipped="0" failures="0">
  <properties>
[...]
</properties>
  <testcase name="FillForm[{name=Mathroor, country=Albania, gender=female}](1)" classname="org.MehrdadHassani.Android.eCommerce_tc_4_Hybrid" time="18.716">
    <system-err><![CDATA[SLF4J: No SLF4J providers were found.
SLF4J: Defaulting to no-operation (NOP) logger implementation
SLF4J: See https://www.slf4j.org/codes.html#noProviders for further details.
]]></system-err>
  </testcase>
  <testcase name="FillForm_ErrorValidation" classname="org.MehrdadHassani.Android.eCommerce_tc_1" time="18.679"/>
  <testcase name="IOSBasicTest1" classname="org.MehrdadHassani.ios.IOSBasics1" time="7.552"/>
  <testcase name="IOSBasicTest2" classname="org.MehrdadHassani.ios.IOSBasics2" time="7.893"/>
</testsuite>