<?xml version="1.0" encoding="UTF-8"?>
<testng-results ignored="0" total="1" passed="1" failed="0" skipped="0">
  <reporter-output>
  </reporter-output>
  <suite started-at="2023-11-26T17:31:50 PST" name="Default suite" finished-at="2023-11-26T17:32:04 PST" duration-ms="13574">
    <groups>
    </groups>
    <test started-at="2023-11-26T17:31:50 PST" name="Default test" finished-at="2023-11-26T17:32:04 PST" duration-ms="13574">
      <class name="org.MehrdadHassani.ios.IOSBasics1">
        <test-method is-config="true" signature="ConfigureAppium()[pri:0, instance:org.MehrdadHassani.ios.IOSBasics1@689604d9]" started-at="2023-11-26T17:31:50 PST" name="ConfigureAppium" finished-at="2023-11-26T17:31:56 PST" duration-ms="5894" status="PASS">
          <reporter-output>
          </reporter-output>
        </test-method> <!-- ConfigureAppium -->
        <test-method signature="IOSBasicTest1()[pri:0, instance:org.MehrdadHassani.ios.IOSBasics1@689604d9]" started-at="2023-11-26T17:31:56 PST" name="IOSBasicTest1" finished-at="2023-11-26T17:32:03 PST" duration-ms="6582" status="PASS">
          <reporter-output>
          </reporter-output>
        </test-method> <!-- IOSBasicTest1 -->
        <test-method is-config="true" signature="tearDown()[pri:0, instance:org.MehrdadHassani.ios.IOSBasics1@689604d9]" started-at="2023-11-26T17:32:03 PST" name="tearDown" finished-at="2023-11-26T17:32:04 PST" duration-ms="1066" status="PASS">
          <reporter-output>
          </reporter-output>
        </test-method> <!-- tearDown -->
        <test-method is-config="true" signature="tearDown()[pri:0, instance:org.MehrdadHassani.ios.IOSBasics1@689604d9]" started-at="2023-11-26T17:32:04 PST" name="tearDown" finished-at="2023-11-26T17:32:04 PST" duration-ms="1" status="PASS">
          <reporter-output>
          </reporter-output>
        </test-method> <!-- tearDown -->
      </class> <!-- org.MehrdadHassani.ios.IOSBasics1 -->
    </test> <!-- Default test -->
  </suite> <!-- Default suite -->
</testng-results>
